<?xml version="1.0" encoding="UTF-8"?>
<testng-results ignored="0" total="2" passed="2" failed="0" skipped="0">
  <reporter-output>
  </reporter-output>
  <suite started-at="2025-08-24T11:48:37 IST" name="Suite" finished-at="2025-08-24T11:48:41 IST" duration-ms="3631">
    <groups>
    </groups>
    <test started-at="2025-08-24T11:48:37 IST" name="Test" finished-at="2025-08-24T11:48:41 IST" duration-ms="3631">
      <class name="jenkinstest1.Test1">
        <test-method is-config="true" signature="launch()[pri:0, instance:jenkinstest1.Test1@2805c96b]" started-at="2025-08-24T11:48:37 IST" name="launch" finished-at="2025-08-24T11:48:40 IST" duration-ms="2541" status="PASS">
          <reporter-output>
          </reporter-output>
        </test-method> <!-- launch -->
        <test-method signature="launchbrowser()[pri:0, instance:jenkinstest1.Test1@2805c96b]" started-at="2025-08-24T11:48:40 IST" name="launchbrowser" finished-at="2025-08-24T11:48:40 IST" duration-ms="651" status="PASS">
          <reporter-output>
          </reporter-output>
        </test-method> <!-- launchbrowser -->
        <test-method signature="search()[pri:0, instance:jenkinstest1.Test1@2805c96b]" started-at="2025-08-24T11:48:40 IST" name="search" finished-at="2025-08-24T11:48:41 IST" depends-on-methods="jenkinstest1.Test1.launchbrowser" duration-ms="232" status="PASS">
          <reporter-output>
          </reporter-output>
        </test-method> <!-- search -->
        <test-method is-config="true" signature="endbrowser()[pri:0, instance:jenkinstest1.Test1@2805c96b]" started-at="2025-08-24T11:48:41 IST" name="endbrowser" finished-at="2025-08-24T11:48:41 IST" duration-ms="163" status="PASS">
          <reporter-output>
          </reporter-output>
        </test-method> <!-- endbrowser -->
      </class> <!-- jenkinstest1.Test1 -->
    </test> <!-- Test -->
  </suite> <!-- Suite -->
</testng-results>
