<?xml version="1.0" encoding="UTF-8"?>
<testng-results ignored="0" total="2" passed="2" failed="0" skipped="0">
  <reporter-output>
  </reporter-output>
  <suite started-at="2025-08-24T00:43:12 IST" name="Default suite" finished-at="2025-08-24T00:43:16 IST" duration-ms="3897">
    <groups>
    </groups>
    <test started-at="2025-08-24T00:43:12 IST" name="Default test" finished-at="2025-08-24T00:43:16 IST" duration-ms="3897">
      <class name="jenkinstest1.Test1">
        <test-method is-config="true" signature="launch()[pri:0, instance:jenkinstest1.Test1@27406a17]" started-at="2025-08-24T00:43:12 IST" name="launch" finished-at="2025-08-24T00:43:15 IST" duration-ms="2305" status="PASS">
          <reporter-output>
          </reporter-output>
        </test-method> <!-- launch -->
        <test-method signature="launchbrowser()[pri:0, instance:jenkinstest1.Test1@27406a17]" started-at="2025-08-24T00:43:15 IST" name="launchbrowser" finished-at="2025-08-24T00:43:16 IST" duration-ms="1076" status="PASS">
          <reporter-output>
          </reporter-output>
        </test-method> <!-- launchbrowser -->
        <test-method signature="search()[pri:0, instance:jenkinstest1.Test1@27406a17]" started-at="2025-08-24T00:43:16 IST" name="search" finished-at="2025-08-24T00:43:16 IST" depends-on-methods="jenkinstest1.Test1.launchbrowser" duration-ms="219" status="PASS">
          <reporter-output>
          </reporter-output>
        </test-method> <!-- search -->
        <test-method is-config="true" signature="endbrowser()[pri:0, instance:jenkinstest1.Test1@27406a17]" started-at="2025-08-24T00:43:16 IST" name="endbrowser" finished-at="2025-08-24T00:43:16 IST" duration-ms="227" status="PASS">
          <reporter-output>
          </reporter-output>
        </test-method> <!-- endbrowser -->
      </class> <!-- jenkinstest1.Test1 -->
    </test> <!-- Default test -->
  </suite> <!-- Default suite -->
</testng-results>
